[2024-10-31 00:32:02.113] [INFO] [LogWorker-1] GamePanel: |INITIALIZING GAMEPANEL|
[2024-10-31 00:32:02.521] [INFO] [LogWorker-2] GamePanel: |STARTING GAME LOOP|
[2024-10-31 00:32:05.432] [INFO] [LogWorker-2] [CONSOLE HANDLER]: ENTERING CONSOLE INPUT. TYPE 'exit' to return
[2024-10-31 00:32:05.434] [INFO] [LogWorker-1] [CONSOLE HANDLER]: Available commands:
	- help [command]   : Show help for a specific command or list all commands
	- reset            : Reset the game
	- exit             : Exit console mode
	- exit_game        : Exit the game
	- remove <entity>  : Remove entities
	- save/load <file> : Save/Load game state
	- set/get ...      : Set/Get various game values
	- add ...          : Add entities or objects
	- script <file>    : Run a script file
	- make <file>      : Create a new script file
Type 'help <command>' for more details about a specific command.
[2024-10-31 00:32:18.438] [INFO] [LogWorker-1] [COMMANDS]: Player speed: 3
[2024-10-31 00:32:18.438] [INFO] [LogWorker-2] [COMMANDS]: Player health: 100
[2024-10-31 00:32:18.438] [INFO] [LogWorker-1] [COMMANDS]: Every entity's speed set to: 5
[2024-10-31 00:32:18.438] [INFO] [LogWorker-2] [COMMANDS]: ujfile executed successfully.
[2024-10-31 00:32:33.340] [INFO] [LogWorker-1] [CONSOLE HANDLER]: EXITING CONSOLE INPUT MODE
